<?xml version="1.0" encoding="UTF-8"?>
<!-- Generated by org.testng.reporters.JUnitReportReporter -->
<testsuite hostname="Ganesh" failures="0" tests="1" name="com.Test.Alert_handling" time="19.969" errors="0" timestamp="2024-06-04T21:44:08 IST" skipped="0">
  <testcase classname="com.Test.Alert_handling" name="Alert_handling_001" time="19.969"/>
</testsuite> <!-- com.Test.Alert_handling -->
