<?xml version="1.0" encoding="UTF-8"?>
<!-- Generated by org.testng.reporters.JUnitReportReporter -->
<testsuite hostname="Ganesh" failures="0" tests="1" name="com.Test.VerifyLoginTest" time="5.089" errors="0" timestamp="2024-06-04T21:05:04 IST" skipped="0">
  <testcase classname="com.Test.VerifyLoginTest" name="VerifyLoginTest_001" time="5.089"/>
</testsuite> <!-- com.Test.VerifyLoginTest -->
